<?xml version="1.0" encoding="UTF-8"?>
<coverage generated="1399363865">
  <project timestamp="1399363865">
    <package name="BitWeb\CronModule">
      <file name="/Users/rainramm/Arendus/bitweb-zf2-cron-module/src/BitWeb/CronModule/Configuration.php">
        <class name="Configuration" namespace="BitWeb\CronModule">
          <metrics methods="10" coveredmethods="10" conditionals="0" coveredconditionals="0" statements="15" coveredstatements="15" elements="25" coveredelements="25"/>
        </class>
        <line num="42" type="method" name="setJobs" crap="1" count="15"/>
        <line num="44" type="stmt" count="15"/>
        <line num="46" type="stmt" count="15"/>
        <line num="52" type="method" name="getJobs" crap="1" count="5"/>
        <line num="54" type="stmt" count="5"/>
        <line num="62" type="method" name="setJob" crap="1" count="1"/>
        <line num="64" type="stmt" count="1"/>
        <line num="66" type="stmt" count="1"/>
        <line num="73" type="method" name="getJob" crap="1" count="1"/>
        <line num="75" type="stmt" count="1"/>
        <line num="82" type="method" name="setPhpPath" crap="1" count="15"/>
        <line num="84" type="stmt" count="15"/>
        <line num="86" type="stmt" count="15"/>
        <line num="92" type="method" name="getPhpPath" crap="1" count="4"/>
        <line num="94" type="stmt" count="4"/>
        <line num="101" type="method" name="setScriptPath" crap="1" count="15"/>
        <line num="103" type="stmt" count="15"/>
        <line num="105" type="stmt" count="15"/>
        <line num="111" type="method" name="getScriptPath" crap="1" count="4"/>
        <line num="113" type="stmt" count="4"/>
        <line num="120" type="method" name="setTimeout" crap="1" count="15"/>
        <line num="122" type="stmt" count="15"/>
        <line num="124" type="stmt" count="15"/>
        <line num="130" type="method" name="getTimeout" crap="1" count="3"/>
        <line num="132" type="stmt" count="3"/>
        <line num="135" type="stmt" count="1"/>
        <metrics loc="134" ncloc="77" classes="1" methods="10" coveredmethods="10" conditionals="0" coveredconditionals="0" statements="15" coveredstatements="15" elements="25" coveredelements="25"/>
      </file>
    </package>
    <package name="BitWeb\CronModule\Exception">
      <file name="/Users/rainramm/Arendus/bitweb-zf2-cron-module/src/BitWeb/CronModule/Exception/RuntimeException.php">
        <class name="RuntimeException" namespace="BitWeb\CronModule\Exception">
          <metrics methods="0" coveredmethods="0" conditionals="0" coveredconditionals="0" statements="0" coveredstatements="0" elements="0" coveredelements="0"/>
        </class>
        <metrics loc="8" ncloc="8" classes="1" methods="0" coveredmethods="0" conditionals="0" coveredconditionals="0" statements="0" coveredstatements="0" elements="0" coveredelements="0"/>
      </file>
      <file name="/Users/rainramm/Arendus/bitweb-zf2-cron-module/src/BitWeb/CronModule/Exception/TimeoutException.php">
        <class name="TimeoutException" namespace="BitWeb\CronModule\Exception">
          <metrics methods="0" coveredmethods="0" conditionals="0" coveredconditionals="0" statements="0" coveredstatements="0" elements="0" coveredelements="0"/>
        </class>
        <line num="9" type="stmt" count="1"/>
        <metrics loc="8" ncloc="8" classes="1" methods="0" coveredmethods="0" conditionals="0" coveredconditionals="0" statements="0" coveredstatements="0" elements="0" coveredelements="0"/>
      </file>
    </package>
    <package name="BitWeb\CronModule\Executor">
      <file name="/Users/rainramm/Arendus/bitweb-zf2-cron-module/src/BitWeb/CronModule/Executor/Executor.php">
        <class name="Executor" namespace="BitWeb\CronModule\Executor">
          <metrics methods="1" coveredmethods="1" conditionals="0" coveredconditionals="0" statements="7" coveredstatements="7" elements="8" coveredelements="8"/>
        </class>
        <line num="0" type="stmt" count="1"/>
        <line num="10" type="method" name="getRunningJobs" crap="3" count="1"/>
        <line num="12" type="stmt" count="1"/>
        <line num="13" type="stmt" count="1"/>
        <line num="14" type="stmt" count="1"/>
        <line num="15" type="stmt" count="1"/>
        <line num="16" type="stmt" count="1"/>
        <line num="17" type="stmt" count="1"/>
        <line num="19" type="stmt" count="1"/>
        <line num="22" type="stmt" count="1"/>
        <line num="25" type="stmt" count="1"/>
        <metrics loc="21" ncloc="18" classes="1" methods="1" coveredmethods="1" conditionals="0" coveredconditionals="0" statements="7" coveredstatements="7" elements="8" coveredelements="8"/>
      </file>
    </package>
    <package name="BitWeb\CronModule\Factory">
      <file name="/Users/rainramm/Arendus/bitweb-zf2-cron-module/src/BitWeb/CronModule/Factory/CronServiceFactory.php">
        <class name="CronServiceFactory" namespace="BitWeb\CronModule\Factory">
          <metrics methods="1" coveredmethods="1" conditionals="0" coveredconditionals="0" statements="3" coveredstatements="3" elements="4" coveredelements="4"/>
        </class>
        <line num="19" type="method" name="createService" crap="1" count="1"/>
        <line num="21" type="stmt" count="1"/>
        <line num="22" type="stmt" count="1"/>
        <line num="24" type="stmt" count="1"/>
        <metrics loc="25" ncloc="19" classes="1" methods="1" coveredmethods="1" conditionals="0" coveredconditionals="0" statements="3" coveredstatements="3" elements="4" coveredelements="4"/>
      </file>
    </package>
    <file name="/Users/rainramm/Arendus/bitweb-zf2-cron-module/src/BitWeb/CronModule/Service/Cron/CronServiceAwareInterface.php">
      <metrics loc="11" ncloc="11" classes="0" methods="0" coveredmethods="0" conditionals="0" coveredconditionals="0" statements="0" coveredstatements="0" elements="0" coveredelements="0"/>
    </file>
    <package name="BitWeb\CronModule\Service\Cron">
      <file name="/Users/rainramm/Arendus/bitweb-zf2-cron-module/src/BitWeb/CronModule/Service/Cron/CronServiceAwareTrait.php">
        <class name="CronServiceAwareTrait" namespace="BitWeb\CronModule\Service\Cron">
          <metrics methods="2" coveredmethods="2" conditionals="0" coveredconditionals="0" statements="3" coveredstatements="3" elements="5" coveredelements="5"/>
        </class>
        <line num="14" type="method" name="setCronService" crap="1" count="1"/>
        <line num="16" type="stmt" count="1"/>
        <line num="18" type="stmt" count="1"/>
        <line num="21" type="method" name="getCronService" crap="1" count="1"/>
        <line num="23" type="stmt" count="1"/>
        <metrics loc="24" ncloc="21" classes="1" methods="2" coveredmethods="2" conditionals="0" coveredconditionals="0" statements="3" coveredstatements="3" elements="5" coveredelements="5"/>
      </file>
    </package>
    <package name="BitWeb\CronModule\Service">
      <file name="/Users/rainramm/Arendus/bitweb-zf2-cron-module/src/BitWeb/CronModule/Service/CronService.php">
        <class name="CronService" namespace="BitWeb\CronModule\Service">
          <metrics methods="14" coveredmethods="14" conditionals="0" coveredconditionals="0" statements="54" coveredstatements="54" elements="68" coveredelements="68"/>
        </class>
        <line num="0" type="stmt" count="1"/>
        <line num="40" type="method" name="setConfiguration" crap="1" count="8"/>
        <line num="42" type="stmt" count="8"/>
        <line num="44" type="stmt" count="8"/>
        <line num="47" type="method" name="setCron" crap="1" count="1"/>
        <line num="49" type="stmt" count="1"/>
        <line num="50" type="stmt" count="1"/>
        <line num="52" type="method" name="setExecutor" crap="1" count="1"/>
        <line num="54" type="stmt" count="1"/>
        <line num="55" type="stmt" count="1"/>
        <line num="57" type="method" name="getResolver" crap="2" count="4"/>
        <line num="59" type="stmt" count="4"/>
        <line num="60" type="stmt" count="4"/>
        <line num="61" type="stmt" count="4"/>
        <line num="63" type="stmt" count="4"/>
        <line num="66" type="method" name="getExecutor" crap="2" count="4"/>
        <line num="68" type="stmt" count="4"/>
        <line num="69" type="stmt" count="3"/>
        <line num="70" type="stmt" count="3"/>
        <line num="72" type="stmt" count="4"/>
        <line num="75" type="method" name="__construct" crap="1" count="8"/>
        <line num="77" type="stmt" count="8"/>
        <line num="78" type="stmt" count="8"/>
        <line num="80" type="method" name="run" crap="1" count="2"/>
        <line num="82" type="stmt" count="2"/>
        <line num="84" type="stmt" count="2"/>
        <line num="85" type="stmt" count="2"/>
        <line num="87" type="stmt" count="2"/>
        <line num="88" type="stmt" count="2"/>
        <line num="89" type="stmt" count="2"/>
        <line num="90" type="stmt" count="1"/>
        <line num="92" type="method" name="initCron" crap="2" count="3"/>
        <line num="94" type="stmt" count="3"/>
        <line num="95" type="stmt" count="2"/>
        <line num="96" type="stmt" count="2"/>
        <line num="98" type="stmt" count="3"/>
        <line num="99" type="stmt" count="3"/>
        <line num="100" type="stmt" count="3"/>
        <line num="102" type="method" name="addJobs" crap="2" count="2"/>
        <line num="104" type="stmt" count="2"/>
        <line num="105" type="stmt" count="2"/>
        <line num="106" type="stmt" count="2"/>
        <line num="107" type="stmt" count="2"/>
        <line num="109" type="stmt" count="2"/>
        <line num="110" type="stmt" count="2"/>
        <line num="111" type="stmt" count="2"/>
        <line num="113" type="method" name="assembleShellJobString" crap="1" count="2"/>
        <line num="115" type="stmt" count="2"/>
        <line num="118" type="method" name="wait" crap="3" count="2"/>
        <line num="121" type="stmt" count="2"/>
        <line num="122" type="stmt" count="2"/>
        <line num="123" type="stmt" count="2"/>
        <line num="125" type="method" name="checkTimeout" crap="3" count="2"/>
        <line num="127" type="stmt" count="2"/>
        <line num="128" type="stmt" count="2"/>
        <line num="129" type="stmt" count="2"/>
        <line num="132" type="stmt" count="1"/>
        <line num="135" type="method" name="throwErrorIfTimeout" crap="2" count="2"/>
        <line num="137" type="stmt" count="2"/>
        <line num="138" type="stmt" count="1"/>
        <line num="140" type="stmt" count="1"/>
        <line num="142" type="method" name="assembleErrorString" crap="2" count="1"/>
        <line num="144" type="stmt" count="1"/>
        <line num="145" type="stmt" count="1"/>
        <line num="146" type="stmt" count="1"/>
        <line num="147" type="stmt" count="1"/>
        <line num="148" type="stmt" count="1"/>
        <line num="149" type="stmt" count="1"/>
        <line num="151" type="stmt" count="1"/>
        <line num="154" type="stmt" count="1"/>
        <metrics loc="153" ncloc="138" classes="1" methods="14" coveredmethods="14" conditionals="0" coveredconditionals="0" statements="54" coveredstatements="54" elements="68" coveredelements="68"/>
      </file>
    </package>
    <package name="BitWebTest\CronModule\TestAsset">
      <file name="/Users/rainramm/Arendus/bitweb-zf2-cron-module/test/BitWebTest/CronModule/TestAsset/Executor.php">
        <class name="Executor" namespace="BitWebTest\CronModule\TestAsset">
          <metrics methods="2" coveredmethods="1" conditionals="0" coveredconditionals="0" statements="8" coveredstatements="7" elements="10" coveredelements="8"/>
        </class>
        <line num="0" type="stmt" count="1"/>
        <line num="12" type="method" name="setJobs" crap="2" count="1"/>
        <line num="14" type="stmt" count="1"/>
        <line num="15" type="stmt" count="1"/>
        <line num="16" type="stmt" count="1"/>
        <line num="17" type="stmt" count="1"/>
        <line num="18" type="stmt" count="1"/>
        <line num="19" type="stmt" count="1"/>
        <line num="20" type="stmt" count="1"/>
        <line num="25" type="method" name="getSets" crap="2" count="0"/>
        <line num="27" type="stmt" count="0"/>
        <line num="53" type="stmt" count="1"/>
        <metrics loc="28" ncloc="22" classes="1" methods="2" coveredmethods="1" conditionals="0" coveredconditionals="0" statements="8" coveredstatements="7" elements="10" coveredelements="8"/>
      </file>
      <file name="/Users/rainramm/Arendus/bitweb-zf2-cron-module/test/BitWebTest/CronModule/TestAsset/TestService.php">
        <class name="TestService" namespace="BitWebTest\CronModule\TestAsset">
          <metrics methods="0" coveredmethods="0" conditionals="0" coveredconditionals="0" statements="0" coveredstatements="0" elements="0" coveredelements="0"/>
        </class>
        <metrics loc="11" ncloc="11" classes="1" methods="0" coveredmethods="0" conditionals="0" coveredconditionals="0" statements="0" coveredstatements="0" elements="0" coveredelements="0"/>
      </file>
    </package>
    <file name="/Users/rainramm/Arendus/bitweb-zf2-cron-module/test/BitWebTest/CronModule/TestAsset/config.php">
      <line num="4" type="stmt" count="15"/>
      <line num="5" type="stmt" count="15"/>
      <line num="8" type="stmt" count="15"/>
      <line num="10" type="stmt" count="15"/>
      <line num="11" type="stmt" count="15"/>
      <line num="15" type="stmt" count="15"/>
      <metrics loc="14" ncloc="12" classes="0" methods="0" coveredmethods="0" conditionals="0" coveredconditionals="0" statements="5" coveredstatements="5" elements="5" coveredelements="5"/>
    </file>
    <package name="BitWeb\Stdlib">
      <file name="/Users/rainramm/Arendus/bitweb-zf2-cron-module/vendor/bitweb/stdlib/src/BitWeb/Stdlib/AbstractConfiguration.php">
        <class name="AbstractConfiguration" namespace="BitWeb\Stdlib">
          <metrics methods="3" coveredmethods="3" conditionals="0" coveredconditionals="0" statements="22" coveredstatements="16" elements="25" coveredelements="19"/>
        </class>
        <line num="7" type="method" name="__construct" crap="3.33" count="15"/>
        <line num="9" type="stmt" count="15"/>
        <line num="10" type="stmt" count="15"/>
        <line num="11" type="stmt" count="15"/>
        <line num="12" type="stmt" count="15"/>
        <line num="13" type="stmt" count="0"/>
        <line num="14" type="stmt" count="0"/>
        <line num="15" type="stmt" count="0"/>
        <line num="17" type="stmt" count="15"/>
        <line num="18" type="stmt" count="15"/>
        <line num="20" type="method" name="processArray" crap="2" count="15"/>
        <line num="22" type="stmt" count="15"/>
        <line num="23" type="stmt" count="15"/>
        <line num="24" type="stmt" count="15"/>
        <line num="25" type="stmt" count="15"/>
        <line num="26" type="stmt" count="15"/>
        <line num="28" type="method" name="assembleSetterNameFromConfigKey" crap="2.21" count="15"/>
        <line num="30" type="stmt" count="15"/>
        <line num="31" type="stmt" count="15"/>
        <line num="32" type="stmt" count="15"/>
        <line num="33" type="stmt" count="15"/>
        <line num="34" type="stmt" count="0"/>
        <line num="35" type="stmt" count="0"/>
        <line num="36" type="stmt" count="0"/>
        <line num="38" type="stmt" count="15"/>
        <line num="41" type="stmt" count="1"/>
        <metrics loc="40" ncloc="40" classes="1" methods="3" coveredmethods="1" conditionals="0" coveredconditionals="0" statements="22" coveredstatements="16" elements="25" coveredelements="17"/>
      </file>
    </package>
    <package name="Composer\Autoload">
      <file name="/Users/rainramm/Arendus/bitweb-zf2-cron-module/vendor/composer/ClassLoader.php">
        <class name="ClassLoader" namespace="Composer\Autoload">
          <metrics methods="17" coveredmethods="5" conditionals="0" coveredconditionals="0" statements="141" coveredstatements="35" elements="158" coveredelements="40"/>
        </class>
        <line num="0" type="stmt" count="8"/>
        <line num="11" type="stmt" count="1"/>
        <line num="57" type="method" name="getPrefixes" crap="1.02" count="2"/>
        <line num="58" type="stmt" count="2"/>
        <line num="59" type="stmt" count="0"/>
        <line num="60" type="stmt" count="2"/>
        <line num="62" type="method" name="getPrefixesPsr4" crap="1.04" count="1"/>
        <line num="63" type="stmt" count="1"/>
        <line num="64" type="stmt" count="0"/>
        <line num="67" type="method" name="getFallbackDirs" crap="2" count="0"/>
        <line num="69" type="stmt" count="0"/>
        <line num="72" type="method" name="getFallbackDirsPsr4" crap="2" count="0"/>
        <line num="74" type="stmt" count="0"/>
        <line num="77" type="method" name="getClassMap" crap="2" count="0"/>
        <line num="79" type="stmt" count="0"/>
        <line num="85" type="method" name="addClassMap" crap="6" count="0"/>
        <line num="87" type="stmt" count="0"/>
        <line num="88" type="stmt" count="0"/>
        <line num="89" type="stmt" count="0"/>
        <line num="90" type="stmt" count="0"/>
        <line num="92" type="stmt" count="0"/>
        <line num="102" type="method" name="add" crap="30" count="0"/>
        <line num="104" type="stmt" count="0"/>
        <line num="105" type="stmt" count="0"/>
        <line num="106" type="stmt" count="0"/>
        <line num="107" type="stmt" count="0"/>
        <line num="108" type="stmt" count="0"/>
        <line num="109" type="stmt" count="0"/>
        <line num="110" type="stmt" count="0"/>
        <line num="111" type="stmt" count="0"/>
        <line num="112" type="stmt" count="0"/>
        <line num="114" type="stmt" count="0"/>
        <line num="117" type="stmt" count="0"/>
        <line num="120" type="stmt" count="0"/>
        <line num="121" type="stmt" count="0"/>
        <line num="122" type="stmt" count="0"/>
        <line num="124" type="stmt" count="0"/>
        <line num="126" type="stmt" count="0"/>
        <line num="127" type="stmt" count="0"/>
        <line num="128" type="stmt" count="0"/>
        <line num="129" type="stmt" count="0"/>
        <line num="130" type="stmt" count="0"/>
        <line num="131" type="stmt" count="0"/>
        <line num="132" type="stmt" count="0"/>
        <line num="133" type="stmt" count="0"/>
        <line num="135" type="stmt" count="0"/>
        <line num="137" type="stmt" count="0"/>
        <line num="147" type="method" name="addPsr4" crap="42" count="0"/>
        <line num="149" type="stmt" count="0"/>
        <line num="151" type="stmt" count="0"/>
        <line num="152" type="stmt" count="0"/>
        <line num="153" type="stmt" count="0"/>
        <line num="154" type="stmt" count="0"/>
        <line num="155" type="stmt" count="0"/>
        <line num="156" type="stmt" count="0"/>
        <line num="157" type="stmt" count="0"/>
        <line num="158" type="stmt" count="0"/>
        <line num="160" type="stmt" count="0"/>
        <line num="162" type="stmt" count="0"/>
        <line num="164" type="stmt" count="0"/>
        <line num="165" type="stmt" count="0"/>
        <line num="166" type="stmt" count="0"/>
        <line num="168" type="stmt" count="0"/>
        <line num="169" type="stmt" count="0"/>
        <line num="170" type="stmt" count="0"/>
        <line num="172" type="stmt" count="0"/>
        <line num="173" type="stmt" count="0"/>
        <line num="174" type="stmt" count="0"/>
        <line num="175" type="stmt" count="0"/>
        <line num="176" type="stmt" count="0"/>
        <line num="178" type="stmt" count="0"/>
        <line num="179" type="stmt" count="0"/>
        <line num="181" type="stmt" count="0"/>
        <line num="183" type="stmt" count="0"/>
        <line num="192" type="method" name="set" crap="6" count="0"/>
        <line num="194" type="stmt" count="0"/>
        <line num="195" type="stmt" count="0"/>
        <line num="196" type="stmt" count="0"/>
        <line num="197" type="stmt" count="0"/>
        <line num="199" type="stmt" count="0"/>
        <line num="208" type="method" name="setPsr4" crap="12" count="0"/>
        <line num="209" type="stmt" count="0"/>
        <line num="210" type="stmt" count="0"/>
        <line num="211" type="stmt" count="0"/>
        <line num="212" type="stmt" count="0"/>
        <line num="213" type="stmt" count="0"/>
        <line num="214" type="stmt" count="0"/>
        <line num="216" type="stmt" count="0"/>
        <line num="217" type="stmt" count="0"/>
        <line num="219" type="stmt" count="0"/>
        <line num="226" type="method" name="setUseIncludePath" crap="2" count="0"/>
        <line num="228" type="stmt" count="0"/>
        <line num="229" type="stmt" count="0"/>
        <line num="237" type="method" name="getUseIncludePath" crap="2" count="0"/>
        <line num="239" type="stmt" count="0"/>
        <line num="247" type="method" name="register" crap="2" count="0"/>
        <line num="249" type="stmt" count="0"/>
        <line num="250" type="stmt" count="0"/>
        <line num="255" type="method" name="unregister" crap="2" count="0"/>
        <line num="257" type="stmt" count="0"/>
        <line num="258" type="stmt" count="0"/>
        <line num="266" type="method" name="loadClass" crap="2.06" count="9"/>
        <line num="268" type="stmt" count="9"/>
        <line num="269" type="stmt" count="9"/>
        <line num="271" type="stmt" count="9"/>
        <line num="273" type="stmt" count="0"/>
        <line num="282" type="method" name="findFile" crap="8.60" count="9"/>
        <line num="285" type="stmt" count="9"/>
        <line num="286" type="stmt" count="0"/>
        <line num="287" type="stmt" count="0"/>
        <line num="290" type="stmt" count="9"/>
        <line num="291" type="stmt" count="5"/>
        <line num="294" type="stmt" count="7"/>
        <line num="297" type="stmt" count="7"/>
        <line num="298" type="stmt" count="0"/>
        <line num="299" type="stmt" count="0"/>
        <line num="301" type="stmt" count="7"/>
        <line num="303" type="stmt" count="0"/>
        <line num="306" type="stmt" count="7"/>
        <line num="309" type="method" name="findFileWithExtension" crap="52.44" count="7"/>
        <line num="312" type="stmt" count="7"/>
        <line num="314" type="stmt" count="7"/>
        <line num="315" type="stmt" count="7"/>
        <line num="316" type="stmt" count="0"/>
        <line num="317" type="stmt" count="0"/>
        <line num="318" type="stmt" count="0"/>
        <line num="319" type="stmt" count="0"/>
        <line num="320" type="stmt" count="0"/>
        <line num="322" type="stmt" count="0"/>
        <line num="323" type="stmt" count="0"/>
        <line num="324" type="stmt" count="0"/>
        <line num="325" type="stmt" count="0"/>
        <line num="328" type="stmt" count="7"/>
        <line num="329" type="stmt" count="0"/>
        <line num="330" type="stmt" count="0"/>
        <line num="332" type="stmt" count="7"/>
        <line num="335" type="stmt" count="7"/>
        <line num="337" type="stmt" count="7"/>
        <line num="338" type="stmt" count="7"/>
        <line num="339" type="stmt" count="7"/>
        <line num="341" type="stmt" count="0"/>
        <line num="344" type="stmt" count="7"/>
        <line num="345" type="stmt" count="4"/>
        <line num="346" type="stmt" count="4"/>
        <line num="347" type="stmt" count="4"/>
        <line num="348" type="stmt" count="4"/>
        <line num="349" type="stmt" count="4"/>
        <line num="351" type="stmt" count="0"/>
        <line num="352" type="stmt" count="0"/>
        <line num="353" type="stmt" count="2"/>
        <line num="354" type="stmt" count="0"/>
        <line num="357" type="stmt" count="5"/>
        <line num="358" type="stmt" count="5"/>
        <line num="359" type="stmt" count="5"/>
        <line num="361" type="stmt" count="3"/>
        <line num="364" type="stmt" count="0"/>
        <line num="365" type="stmt" count="0"/>
        <line num="367" type="stmt" count="0"/>
        <line num="377" type="stmt" count="9"/>
        <line num="378" type="stmt" count="9"/>
        <metrics loc="378" ncloc="237" classes="1" methods="17" coveredmethods="0" conditionals="0" coveredconditionals="0" statements="144" coveredstatements="38" elements="161" coveredelements="38"/>
      </file>
    </package>
    <file name="/Users/rainramm/Arendus/bitweb-zf2-cron-module/vendor/composer/autoload_real.php">
      <class name="ComposerAutoloaderInit739a3b74322729ca5e8cd2bf486e07e0" namespace="global">
        <metrics methods="2" coveredmethods="0" conditionals="0" coveredconditionals="0" statements="28" coveredstatements="0" elements="30" coveredelements="0"/>
      </class>
      <line num="9" type="method" name="loadClassLoader" crap="6" count="0"/>
      <line num="11" type="stmt" count="0"/>
      <line num="12" type="stmt" count="0"/>
      <line num="13" type="stmt" count="0"/>
      <line num="14" type="stmt" count="0"/>
      <line num="16" type="method" name="getLoader" crap="30" count="0"/>
      <line num="18" type="stmt" count="0"/>
      <line num="19" type="stmt" count="0"/>
      <line num="22" type="stmt" count="0"/>
      <line num="23" type="stmt" count="0"/>
      <line num="24" type="stmt" count="0"/>
      <line num="26" type="stmt" count="0"/>
      <line num="27" type="stmt" count="0"/>
      <line num="29" type="stmt" count="0"/>
      <line num="30" type="stmt" count="0"/>
      <line num="31" type="stmt" count="0"/>
      <line num="33" type="stmt" count="0"/>
      <line num="34" type="stmt" count="0"/>
      <line num="35" type="stmt" count="0"/>
      <line num="36" type="stmt" count="0"/>
      <line num="38" type="stmt" count="0"/>
      <line num="39" type="stmt" count="0"/>
      <line num="40" type="stmt" count="0"/>
      <line num="41" type="stmt" count="0"/>
      <line num="43" type="stmt" count="0"/>
      <line num="44" type="stmt" count="0"/>
      <line num="45" type="stmt" count="0"/>
      <line num="46" type="stmt" count="0"/>
      <line num="48" type="stmt" count="0"/>
      <line num="50" type="stmt" count="0"/>
      <line num="56" type="stmt" count="0"/>
      <line num="57" type="stmt" count="0"/>
      <metrics loc="57" ncloc="55" classes="1" methods="2" coveredmethods="0" conditionals="0" coveredconditionals="0" statements="30" coveredstatements="0" elements="32" coveredelements="0"/>
    </file>
    <package name="Cron">
      <file name="/Users/rainramm/Arendus/bitweb-zf2-cron-module/vendor/cron/cron/src/Cron/Cron.php">
        <class name="Cron" namespace="Cron">
          <metrics methods="6" coveredmethods="6" conditionals="0" coveredconditionals="0" statements="8" coveredstatements="8" elements="14" coveredelements="14"/>
        </class>
        <line num="36" type="method" name="run" crap="1" count="1"/>
        <line num="38" type="stmt" count="1"/>
        <line num="44" type="method" name="setResolver" crap="1" count="2"/>
        <line num="46" type="stmt" count="2"/>
        <line num="47" type="stmt" count="2"/>
        <line num="52" type="method" name="getResolver" crap="1" count="1"/>
        <line num="54" type="stmt" count="1"/>
        <line num="60" type="method" name="setExecutor" crap="1" count="2"/>
        <line num="62" type="stmt" count="2"/>
        <line num="63" type="stmt" count="2"/>
        <line num="68" type="method" name="getExecutor" crap="1" count="1"/>
        <line num="70" type="stmt" count="1"/>
        <line num="73" type="method" name="isRunning" crap="1" count="1"/>
        <line num="75" type="stmt" count="1"/>
        <line num="78" type="stmt" count="1"/>
        <metrics loc="77" ncloc="45" classes="1" methods="6" coveredmethods="6" conditionals="0" coveredconditionals="0" statements="8" coveredstatements="8" elements="14" coveredelements="14"/>
      </file>
    </package>
    <package name="Cron\Executor">
      <file name="/Users/rainramm/Arendus/bitweb-zf2-cron-module/vendor/cron/cron/src/Cron/Executor/Executor.php">
        <class name="Executor" namespace="Cron\Executor">
          <metrics methods="4" coveredmethods="0" conditionals="0" coveredconditionals="0" statements="23" coveredstatements="0" elements="27" coveredelements="0"/>
        </class>
        <line num="32" type="method" name="execute" crap="2" count="0"/>
        <line num="34" type="stmt" count="0"/>
        <line num="36" type="stmt" count="0"/>
        <line num="37" type="stmt" count="0"/>
        <line num="39" type="stmt" count="0"/>
        <line num="45" type="method" name="prepareSets" crap="12" count="0"/>
        <line num="47" type="stmt" count="0"/>
        <line num="48" type="stmt" count="0"/>
        <line num="49" type="stmt" count="0"/>
        <line num="50" type="stmt" count="0"/>
        <line num="51" type="stmt" count="0"/>
        <line num="52" type="stmt" count="0"/>
        <line num="53" type="stmt" count="0"/>
        <line num="54" type="stmt" count="0"/>
        <line num="55" type="stmt" count="0"/>
        <line num="57" type="method" name="startProcesses" crap="6" count="0"/>
        <line num="59" type="stmt" count="0"/>
        <line num="60" type="stmt" count="0"/>
        <line num="61" type="stmt" count="0"/>
        <line num="62" type="stmt" count="0"/>
        <line num="63" type="stmt" count="0"/>
        <line num="65" type="method" name="isRunning" crap="12" count="0"/>
        <line num="67" type="stmt" count="0"/>
        <line num="68" type="stmt" count="0"/>
        <line num="69" type="stmt" count="0"/>
        <line num="71" type="stmt" count="0"/>
        <line num="73" type="stmt" count="0"/>
        <line num="76" type="stmt" count="1"/>
        <metrics loc="75" ncloc="54" classes="1" methods="4" coveredmethods="0" conditionals="0" coveredconditionals="0" statements="23" coveredstatements="0" elements="27" coveredelements="0"/>
      </file>
      <file name="/Users/rainramm/Arendus/bitweb-zf2-cron-module/vendor/cron/cron/src/Cron/Executor/ExecutorSet.php">
        <class name="ExecutorSet" namespace="Cron\Executor">
          <metrics methods="5" coveredmethods="3" conditionals="0" coveredconditionals="0" statements="8" coveredstatements="5" elements="13" coveredelements="8"/>
        </class>
        <line num="36" type="method" name="setJob" crap="1" count="1"/>
        <line num="38" type="stmt" count="1"/>
        <line num="39" type="stmt" count="1"/>
        <line num="44" type="method" name="getJob" crap="1" count="1"/>
        <line num="46" type="stmt" count="1"/>
        <line num="52" type="method" name="setReport" crap="1" count="1"/>
        <line num="54" type="stmt" count="1"/>
        <line num="55" type="stmt" count="1"/>
        <line num="60" type="method" name="getReport" crap="2" count="0"/>
        <line num="62" type="stmt" count="0"/>
        <line num="65" type="method" name="run" crap="2" count="0"/>
        <line num="67" type="stmt" count="0"/>
        <line num="68" type="stmt" count="0"/>
        <line num="70" type="stmt" count="1"/>
        <metrics loc="69" ncloc="40" classes="1" methods="5" coveredmethods="3" conditionals="0" coveredconditionals="0" statements="8" coveredstatements="5" elements="13" coveredelements="8"/>
      </file>
    </package>
    <file name="/Users/rainramm/Arendus/bitweb-zf2-cron-module/vendor/cron/cron/src/Cron/Executor/ExecutorInterface.php">
      <line num="27" type="stmt" count="1"/>
      <metrics loc="26" ncloc="11" classes="0" methods="0" coveredmethods="0" conditionals="0" coveredconditionals="0" statements="0" coveredstatements="0" elements="0" coveredelements="0"/>
    </file>
    <package name="Cron\Job">
      <file name="/Users/rainramm/Arendus/bitweb-zf2-cron-module/vendor/cron/cron/src/Cron/Job/AbstractJob.php">
        <class name="AbstractJob" namespace="Cron\Job">
          <metrics methods="4" coveredmethods="3" conditionals="0" coveredconditionals="0" statements="5" coveredstatements="4" elements="9" coveredelements="7"/>
        </class>
        <line num="30" type="method" name="setSchedule" crap="1" count="3"/>
        <line num="32" type="stmt" count="3"/>
        <line num="33" type="stmt" count="3"/>
        <line num="38" type="method" name="getSchedule" crap="2" count="0"/>
        <line num="40" type="stmt" count="0"/>
        <line num="43" type="method" name="valid" crap="2" count="1"/>
        <line num="45" type="stmt" count="1"/>
        <line num="51" type="method" name="createReport" crap="1" count="1"/>
        <line num="53" type="stmt" count="1"/>
        <line num="56" type="stmt" count="1"/>
        <metrics loc="55" ncloc="32" classes="1" methods="4" coveredmethods="3" conditionals="0" coveredconditionals="0" statements="5" coveredstatements="4" elements="9" coveredelements="7"/>
      </file>
      <file name="/Users/rainramm/Arendus/bitweb-zf2-cron-module/vendor/cron/cron/src/Cron/Job/ShellJob.php">
        <class name="ShellJob" namespace="Cron\Job">
          <metrics methods="7" coveredmethods="3" conditionals="0" coveredconditionals="0" statements="20" coveredstatements="4" elements="27" coveredelements="7"/>
        </class>
        <line num="29" type="method" name="setCommand" crap="1" count="3"/>
        <line num="31" type="stmt" count="3"/>
        <line num="32" type="stmt" count="3"/>
        <line num="34" type="method" name="getProcess" crap="1" count="1"/>
        <line num="36" type="stmt" count="1"/>
        <line num="42" type="method" name="setPid" crap="2" count="0"/>
        <line num="44" type="stmt" count="0"/>
        <line num="45" type="stmt" count="0"/>
        <line num="47" type="method" name="run" crap="2" count="0"/>
        <line num="50" type="stmt" count="0"/>
        <line num="51" type="stmt" count="0"/>
        <line num="52" type="stmt" count="0"/>
        <line num="53" type="stmt" count="0"/>
        <line num="55" type="stmt" count="0"/>
        <line num="56" type="stmt" count="0"/>
        <line num="58" type="method" name="valid" crap="3" count="1"/>
        <line num="60" type="stmt" count="1"/>
        <line num="63" type="method" name="isRunning" crap="6" count="0"/>
        <line num="65" type="stmt" count="0"/>
        <line num="66" type="stmt" count="0"/>
        <line num="69" type="stmt" count="0"/>
        <line num="73" type="stmt" count="1"/>
        <metrics loc="72" ncloc="55" classes="1" methods="6" coveredmethods="3" conditionals="0" coveredconditionals="0" statements="15" coveredstatements="4" elements="21" coveredelements="7"/>
      </file>
    </package>
    <file name="/Users/rainramm/Arendus/bitweb-zf2-cron-module/vendor/cron/cron/src/Cron/Job/JobInterface.php">
      <line num="56" type="stmt" count="1"/>
      <metrics loc="55" ncloc="23" classes="0" methods="0" coveredmethods="0" conditionals="0" coveredconditionals="0" statements="0" coveredstatements="0" elements="0" coveredelements="0"/>
    </file>
    <package name="Cron\Report">
      <file name="/Users/rainramm/Arendus/bitweb-zf2-cron-module/vendor/cron/cron/src/Cron/Report/JobReport.php">
        <class name="JobReport" namespace="Cron\Report">
          <metrics methods="7" coveredmethods="1" conditionals="0" coveredconditionals="0" statements="10" coveredstatements="2" elements="17" coveredelements="3"/>
        </class>
        <line num="27" type="method" name="__construct" crap="1" count="1"/>
        <line num="29" type="stmt" count="1"/>
        <line num="30" type="stmt" count="1"/>
        <line num="35" type="method" name="isSuccessful" crap="2" count="0"/>
        <line num="38" type="stmt" count="0"/>
        <line num="43" type="method" name="addError" crap="2" count="0"/>
        <line num="45" type="stmt" count="0"/>
        <line num="46" type="stmt" count="0"/>
        <line num="51" type="method" name="addOutput" crap="2" count="0"/>
        <line num="53" type="stmt" count="0"/>
        <line num="54" type="stmt" count="0"/>
        <line num="59" type="method" name="getJob" crap="2" count="0"/>
        <line num="61" type="stmt" count="0"/>
        <line num="67" type="method" name="getError" crap="2" count="0"/>
        <line num="69" type="stmt" count="0"/>
        <line num="75" type="method" name="getOutput" crap="2" count="0"/>
        <line num="77" type="stmt" count="0"/>
        <line num="80" type="stmt" count="1"/>
        <metrics loc="79" ncloc="47" classes="1" methods="7" coveredmethods="1" conditionals="0" coveredconditionals="0" statements="10" coveredstatements="2" elements="17" coveredelements="3"/>
      </file>
    </package>
    <file name="/Users/rainramm/Arendus/bitweb-zf2-cron-module/vendor/cron/cron/src/Cron/Report/ReportInterface.php">
      <line num="23" type="stmt" count="1"/>
      <metrics loc="22" ncloc="8" classes="0" methods="0" coveredmethods="0" conditionals="0" coveredconditionals="0" statements="0" coveredstatements="0" elements="0" coveredelements="0"/>
    </file>
    <package name="Cron\Resolver">
      <file name="/Users/rainramm/Arendus/bitweb-zf2-cron-module/vendor/cron/cron/src/Cron/Resolver/ArrayResolver.php">
        <class name="ArrayResolver" namespace="Cron\Resolver">
          <metrics methods="4" coveredmethods="3" conditionals="0" coveredconditionals="0" statements="14" coveredstatements="10" elements="18" coveredelements="13"/>
        </class>
        <line num="28" type="method" name="__construct" crap="1" count="4"/>
        <line num="30" type="stmt" count="4"/>
        <line num="31" type="stmt" count="4"/>
        <line num="36" type="method" name="addJob" crap="1" count="2"/>
        <line num="38" type="stmt" count="2"/>
        <line num="39" type="stmt" count="2"/>
        <line num="44" type="method" name="addJobs" crap="2" count="0"/>
        <line num="46" type="stmt" count="0"/>
        <line num="47" type="stmt" count="0"/>
        <line num="52" type="method" name="resolve" crap="3.14" count="1"/>
        <line num="54" type="stmt" count="1"/>
        <line num="55" type="stmt" count="1"/>
        <line num="57" type="stmt" count="1"/>
        <line num="58" type="stmt" count="1"/>
        <line num="59" type="stmt" count="0"/>
        <line num="60" type="stmt" count="0"/>
        <line num="61" type="stmt" count="1"/>
        <line num="63" type="stmt" count="1"/>
        <line num="66" type="stmt" count="1"/>
        <metrics loc="65" ncloc="39" classes="1" methods="4" coveredmethods="2" conditionals="0" coveredconditionals="0" statements="14" coveredstatements="10" elements="18" coveredelements="12"/>
      </file>
    </package>
    <file name="/Users/rainramm/Arendus/bitweb-zf2-cron-module/vendor/cron/cron/src/Cron/Resolver/ResolverInterface.php">
      <line num="27" type="stmt" count="1"/>
      <metrics loc="26" ncloc="10" classes="0" methods="0" coveredmethods="0" conditionals="0" coveredconditionals="0" statements="0" coveredstatements="0" elements="0" coveredelements="0"/>
    </file>
    <package name="Cron\Schedule">
      <file name="/Users/rainramm/Arendus/bitweb-zf2-cron-module/vendor/cron/cron/src/Cron/Schedule/CrontabSchedule.php">
        <class name="CrontabSchedule" namespace="Cron\Schedule">
          <metrics methods="12" coveredmethods="7" conditionals="0" coveredconditionals="0" statements="100" coveredstatements="45" elements="112" coveredelements="52"/>
        </class>
        <line num="37" type="method" name="__construct" crap="2" count="3"/>
        <line num="39" type="stmt" count="3"/>
        <line num="40" type="stmt" count="3"/>
        <line num="41" type="stmt" count="3"/>
        <line num="42" type="stmt" count="3"/>
        <line num="51" type="method" name="valid" crap="25.72" count="1"/>
        <line num="53" type="stmt" count="1"/>
        <line num="54" type="stmt" count="1"/>
        <line num="56" type="stmt" count="0"/>
        <line num="57" type="stmt" count="0"/>
        <line num="59" type="stmt" count="0"/>
        <line num="60" type="stmt" count="0"/>
        <line num="62" type="stmt" count="0"/>
        <line num="63" type="stmt" count="0"/>
        <line num="65" type="stmt" count="0"/>
        <line num="66" type="stmt" count="0"/>
        <line num="69" type="stmt" count="0"/>
        <line num="72" type="method" name="checkMinute" crap="5.58" count="1"/>
        <line num="74" type="stmt" count="1"/>
        <line num="75" type="stmt" count="1"/>
        <line num="76" type="stmt" count="1"/>
        <line num="77" type="stmt" count="0"/>
        <line num="79" type="stmt" count="1"/>
        <line num="81" type="stmt" count="1"/>
        <line num="84" type="stmt" count="0"/>
        <line num="87" type="method" name="checkHour" crap="30" count="0"/>
        <line num="89" type="stmt" count="0"/>
        <line num="90" type="stmt" count="0"/>
        <line num="91" type="stmt" count="0"/>
        <line num="92" type="stmt" count="0"/>
        <line num="94" type="stmt" count="0"/>
        <line num="96" type="stmt" count="0"/>
        <line num="99" type="stmt" count="0"/>
        <line num="102" type="method" name="checkDay" crap="30" count="0"/>
        <line num="104" type="stmt" count="0"/>
        <line num="105" type="stmt" count="0"/>
        <line num="106" type="stmt" count="0"/>
        <line num="107" type="stmt" count="0"/>
        <line num="109" type="stmt" count="0"/>
        <line num="111" type="stmt" count="0"/>
        <line num="114" type="stmt" count="0"/>
        <line num="117" type="method" name="checkMonth" crap="30" count="0"/>
        <line num="119" type="stmt" count="0"/>
        <line num="120" type="stmt" count="0"/>
        <line num="121" type="stmt" count="0"/>
        <line num="122" type="stmt" count="0"/>
        <line num="124" type="stmt" count="0"/>
        <line num="126" type="stmt" count="0"/>
        <line num="129" type="stmt" count="0"/>
        <line num="136" type="method" name="checkDayOfWeek" crap="20" count="0"/>
        <line num="138" type="stmt" count="0"/>
        <line num="139" type="stmt" count="0"/>
        <line num="140" type="stmt" count="0"/>
        <line num="141" type="stmt" count="0"/>
        <line num="143" type="stmt" count="0"/>
        <line num="145" type="stmt" count="0"/>
        <line num="148" type="stmt" count="0"/>
        <line num="155" type="method" name="setPattern" crap="1" count="3"/>
        <line num="157" type="stmt" count="3"/>
        <line num="158" type="stmt" count="3"/>
        <line num="159" type="stmt" count="3"/>
        <line num="164" type="method" name="getPattern" crap="2" count="0"/>
        <line num="166" type="stmt" count="0"/>
        <line num="176" type="method" name="parsePattern" crap="3.00" count="3"/>
        <line num="179" type="stmt" count="3"/>
        <line num="180" type="stmt" count="3"/>
        <line num="181" type="stmt" count="3"/>
        <line num="182" type="stmt" count="3"/>
        <line num="183" type="stmt" count="3"/>
        <line num="184" type="stmt" count="3"/>
        <line num="185" type="stmt" count="3"/>
        <line num="187" type="stmt" count="3"/>
        <line num="188" type="stmt" count="3"/>
        <line num="189" type="stmt" count="3"/>
        <line num="190" type="stmt" count="3"/>
        <line num="191" type="stmt" count="3"/>
        <line num="192" type="stmt" count="3"/>
        <line num="193" type="stmt" count="3"/>
        <line num="195" type="stmt" count="3"/>
        <line num="197" type="stmt" count="3"/>
        <line num="198" type="stmt" count="0"/>
        <line num="201" type="stmt" count="3"/>
        <line num="204" type="method" name="findReplacements" crap="8.45" count="3"/>
        <line num="206" type="stmt" count="3"/>
        <line num="208" type="stmt" count="0"/>
        <line num="209" type="stmt" count="0"/>
        <line num="210" type="stmt" count="0"/>
        <line num="211" type="stmt" count="0"/>
        <line num="212" type="stmt" count="0"/>
        <line num="213" type="stmt" count="0"/>
        <line num="214" type="stmt" count="0"/>
        <line num="215" type="stmt" count="0"/>
        <line num="216" type="stmt" count="0"/>
        <line num="217" type="stmt" count="0"/>
        <line num="218" type="stmt" count="0"/>
        <line num="220" type="stmt" count="3"/>
        <line num="231" type="method" name="parseRule" crap="7.39" count="1"/>
        <line num="233" type="stmt" count="1"/>
        <line num="235" type="stmt" count="1"/>
        <line num="236" type="stmt" count="1"/>
        <line num="237" type="stmt" count="0"/>
        <line num="238" type="stmt" count="1"/>
        <line num="239" type="stmt" count="1"/>
        <line num="240" type="stmt" count="1"/>
        <line num="241" type="stmt" count="1"/>
        <line num="242" type="stmt" count="1"/>
        <line num="243" type="stmt" count="1"/>
        <line num="244" type="stmt" count="1"/>
        <line num="245" type="stmt" count="0"/>
        <line num="246" type="stmt" count="0"/>
        <line num="247" type="stmt" count="1"/>
        <line num="249" type="stmt" count="1"/>
        <line num="252" type="stmt" count="1"/>
        <metrics loc="251" ncloc="192" classes="1" methods="12" coveredmethods="2" conditionals="0" coveredconditionals="0" statements="100" coveredstatements="45" elements="112" coveredelements="47"/>
      </file>
    </package>
    <file name="/Users/rainramm/Arendus/bitweb-zf2-cron-module/vendor/cron/cron/src/Cron/Schedule/ScheduleInterface.php">
      <line num="24" type="stmt" count="1"/>
      <metrics loc="23" ncloc="8" classes="0" methods="0" coveredmethods="0" conditionals="0" coveredconditionals="0" statements="0" coveredstatements="0" elements="0" coveredelements="0"/>
    </file>
    <package name="Symfony\Component\Process">
      <file name="/Users/rainramm/Arendus/bitweb-zf2-cron-module/vendor/symfony/process/Symfony/Component/Process/Process.php">
        <class name="Process" namespace="Symfony\Component\Process">
          <metrics methods="63" coveredmethods="9" conditionals="0" coveredconditionals="0" statements="318" coveredstatements="37" elements="381" coveredelements="46"/>
        </class>
        <line num="136" type="method" name="__construct" crap="7.32" count="3"/>
        <line num="138" type="stmt" count="3"/>
        <line num="139" type="stmt" count="0"/>
        <line num="142" type="stmt" count="3"/>
        <line num="143" type="stmt" count="3"/>
        <line num="149" type="stmt" count="3"/>
        <line num="150" type="stmt" count="3"/>
        <line num="151" type="stmt" count="3"/>
        <line num="152" type="stmt" count="3"/>
        <line num="153" type="stmt" count="0"/>
        <line num="154" type="stmt" count="0"/>
        <line num="156" type="stmt" count="3"/>
        <line num="157" type="stmt" count="3"/>
        <line num="158" type="stmt" count="3"/>
        <line num="159" type="stmt" count="3"/>
        <line num="160" type="stmt" count="3"/>
        <line num="161" type="stmt" count="3"/>
        <line num="163" type="method" name="__destruct" crap="1" count="3"/>
        <line num="166" type="stmt" count="3"/>
        <line num="167" type="stmt" count="3"/>
        <line num="169" type="method" name="__clone" crap="2" count="0"/>
        <line num="171" type="stmt" count="0"/>
        <line num="172" type="stmt" count="0"/>
        <line num="194" type="method" name="run" crap="2" count="0"/>
        <line num="196" type="stmt" count="0"/>
        <line num="198" type="stmt" count="0"/>
        <line num="224" type="method" name="start" crap="72" count="0"/>
        <line num="226" type="stmt" count="0"/>
        <line num="227" type="stmt" count="0"/>
        <line num="230" type="stmt" count="0"/>
        <line num="231" type="stmt" count="0"/>
        <line num="232" type="stmt" count="0"/>
        <line num="233" type="stmt" count="0"/>
        <line num="235" type="stmt" count="0"/>
        <line num="237" type="stmt" count="0"/>
        <line num="238" type="stmt" count="0"/>
        <line num="239" type="stmt" count="0"/>
        <line num="240" type="stmt" count="0"/>
        <line num="241" type="stmt" count="0"/>
        <line num="242" type="stmt" count="0"/>
        <line num="244" type="stmt" count="0"/>
        <line num="245" type="stmt" count="0"/>
        <line num="246" type="stmt" count="0"/>
        <line num="247" type="stmt" count="0"/>
        <line num="249" type="stmt" count="0"/>
        <line num="251" type="stmt" count="0"/>
        <line num="252" type="stmt" count="0"/>
        <line num="254" type="stmt" count="0"/>
        <line num="256" type="stmt" count="0"/>
        <line num="258" type="stmt" count="0"/>
        <line num="259" type="stmt" count="0"/>
        <line num="262" type="stmt" count="0"/>
        <line num="263" type="stmt" count="0"/>
        <line num="264" type="stmt" count="0"/>
        <line num="265" type="stmt" count="0"/>
        <line num="282" type="method" name="restart" crap="6" count="0"/>
        <line num="284" type="stmt" count="0"/>
        <line num="285" type="stmt" count="0"/>
        <line num="288" type="stmt" count="0"/>
        <line num="289" type="stmt" count="0"/>
        <line num="291" type="stmt" count="0"/>
        <line num="309" type="method" name="wait" crap="56" count="0"/>
        <line num="311" type="stmt" count="0"/>
        <line num="313" type="stmt" count="0"/>
        <line num="314" type="stmt" count="0"/>
        <line num="315" type="stmt" count="0"/>
        <line num="316" type="stmt" count="0"/>
        <line num="319" type="stmt" count="0"/>
        <line num="320" type="stmt" count="0"/>
        <line num="321" type="stmt" count="0"/>
        <line num="322" type="stmt" count="0"/>
        <line num="323" type="stmt" count="0"/>
        <line num="325" type="stmt" count="0"/>
        <line num="326" type="stmt" count="0"/>
        <line num="327" type="stmt" count="0"/>
        <line num="329" type="stmt" count="0"/>
        <line num="330" type="stmt" count="0"/>
        <line num="333" type="stmt" count="0"/>
        <line num="343" type="method" name="getPid" crap="12" count="0"/>
        <line num="345" type="stmt" count="0"/>
        <line num="346" type="stmt" count="0"/>
        <line num="349" type="stmt" count="0"/>
        <line num="351" type="stmt" count="0"/>
        <line num="365" type="method" name="signal" crap="2" count="0"/>
        <line num="367" type="stmt" count="0"/>
        <line num="369" type="stmt" count="0"/>
        <line num="381" type="method" name="getOutput" crap="6" count="0"/>
        <line num="383" type="stmt" count="0"/>
        <line num="385" type="stmt" count="0"/>
        <line num="387" type="stmt" count="0"/>
        <line num="400" type="method" name="getIncrementalOutput" crap="2" count="0"/>
        <line num="402" type="stmt" count="0"/>
        <line num="404" type="stmt" count="0"/>
        <line num="406" type="stmt" count="0"/>
        <line num="407" type="stmt" count="0"/>
        <line num="409" type="stmt" count="0"/>
        <line num="417" type="method" name="clearOutput" crap="2" count="0"/>
        <line num="419" type="stmt" count="0"/>
        <line num="420" type="stmt" count="0"/>
        <line num="422" type="stmt" count="0"/>
        <line num="434" type="method" name="getErrorOutput" crap="6" count="0"/>
        <line num="436" type="stmt" count="0"/>
        <line num="438" type="stmt" count="0"/>
        <line num="440" type="stmt" count="0"/>
        <line num="454" type="method" name="getIncrementalErrorOutput" crap="2" count="0"/>
        <line num="456" type="stmt" count="0"/>
        <line num="458" type="stmt" count="0"/>
        <line num="460" type="stmt" count="0"/>
        <line num="461" type="stmt" count="0"/>
        <line num="463" type="stmt" count="0"/>
        <line num="471" type="method" name="clearErrorOutput" crap="2" count="0"/>
        <line num="473" type="stmt" count="0"/>
        <line num="474" type="stmt" count="0"/>
        <line num="476" type="stmt" count="0"/>
        <line num="488" type="method" name="getExitCode" crap="12" count="0"/>
        <line num="490" type="stmt" count="0"/>
        <line num="491" type="stmt" count="0"/>
        <line num="494" type="stmt" count="0"/>
        <line num="496" type="stmt" count="0"/>
        <line num="512" type="method" name="getExitCodeText" crap="12" count="0"/>
        <line num="514" type="stmt" count="0"/>
        <line num="515" type="stmt" count="0"/>
        <line num="518" type="stmt" count="0"/>
        <line num="528" type="method" name="isSuccessful" crap="2" count="0"/>
        <line num="530" type="stmt" count="0"/>
        <line num="545" type="method" name="hasBeenSignaled" crap="6" count="0"/>
        <line num="547" type="stmt" count="0"/>
        <line num="549" type="stmt" count="0"/>
        <line num="550" type="stmt" count="0"/>
        <line num="553" type="stmt" count="0"/>
        <line num="555" type="stmt" count="0"/>
        <line num="570" type="method" name="getTermSignal" crap="6" count="0"/>
        <line num="572" type="stmt" count="0"/>
        <line num="574" type="stmt" count="0"/>
        <line num="575" type="stmt" count="0"/>
        <line num="578" type="stmt" count="0"/>
        <line num="580" type="stmt" count="0"/>
        <line num="594" type="method" name="hasBeenStopped" crap="2" count="0"/>
        <line num="596" type="stmt" count="0"/>
        <line num="598" type="stmt" count="0"/>
        <line num="600" type="stmt" count="0"/>
        <line num="614" type="method" name="getStopSignal" crap="2" count="0"/>
        <line num="616" type="stmt" count="0"/>
        <line num="618" type="stmt" count="0"/>
        <line num="620" type="stmt" count="0"/>
        <line num="628" type="method" name="isRunning" crap="2.50" count="3"/>
        <line num="630" type="stmt" count="3"/>
        <line num="631" type="stmt" count="3"/>
        <line num="634" type="stmt" count="0"/>
        <line num="636" type="stmt" count="0"/>
        <line num="644" type="method" name="isStarted" crap="2" count="0"/>
        <line num="646" type="stmt" count="0"/>
        <line num="654" type="method" name="isTerminated" crap="2" count="0"/>
        <line num="656" type="stmt" count="0"/>
        <line num="658" type="stmt" count="0"/>
        <line num="668" type="method" name="getStatus" crap="2" count="0"/>
        <line num="670" type="stmt" count="0"/>
        <line num="672" type="stmt" count="0"/>
        <line num="685" type="method" name="stop" crap="87.75" count="3"/>
        <line num="687" type="stmt" count="3"/>
        <line num="688" type="stmt" count="3"/>
        <line num="689" type="stmt" count="0"/>
        <line num="690" type="stmt" count="0"/>
        <line num="691" type="stmt" count="0"/>
        <line num="692" type="stmt" count="0"/>
        <line num="694" type="stmt" count="0"/>
        <line num="695" type="stmt" count="0"/>
        <line num="697" type="stmt" count="0"/>
        <line num="698" type="stmt" count="0"/>
        <line num="700" type="stmt" count="0"/>
        <line num="701" type="stmt" count="0"/>
        <line num="706" type="stmt" count="0"/>
        <line num="707" type="stmt" count="0"/>
        <line num="708" type="stmt" count="0"/>
        <line num="709" type="stmt" count="0"/>
        <line num="711" type="stmt" count="3"/>
        <line num="712" type="stmt" count="3"/>
        <line num="713" type="stmt" count="0"/>
        <line num="714" type="stmt" count="0"/>
        <line num="716" type="stmt" count="3"/>
        <line num="724" type="method" name="addOutput" crap="2" count="0"/>
        <line num="726" type="stmt" count="0"/>
        <line num="727" type="stmt" count="0"/>
        <line num="728" type="stmt" count="0"/>
        <line num="735" type="method" name="addErrorOutput" crap="2" count="0"/>
        <line num="737" type="stmt" count="0"/>
        <line num="738" type="stmt" count="0"/>
        <line num="739" type="stmt" count="0"/>
        <line num="746" type="method" name="getCommandLine" crap="1" count="1"/>
        <line num="748" type="stmt" count="1"/>
        <line num="758" type="method" name="setCommandLine" crap="2" count="0"/>
        <line num="760" type="stmt" count="0"/>
        <line num="762" type="stmt" count="0"/>
        <line num="770" type="method" name="getTimeout" crap="2" count="0"/>
        <line num="772" type="stmt" count="0"/>
        <line num="780" type="method" name="getIdleTimeout" crap="2" count="0"/>
        <line num="782" type="stmt" count="0"/>
        <line num="796" type="method" name="setTimeout" crap="1" count="3"/>
        <line num="798" type="stmt" count="3"/>
        <line num="800" type="stmt" count="3"/>
        <line num="814" type="method" name="setIdleTimeout" crap="2" count="0"/>
        <line num="816" type="stmt" count="0"/>
        <line num="818" type="stmt" count="0"/>
        <line num="830" type="method" name="setTty" crap="12" count="0"/>
        <line num="832" type="stmt" count="0"/>
        <line num="833" type="stmt" count="0"/>
        <line num="836" type="stmt" count="0"/>
        <line num="838" type="stmt" count="0"/>
        <line num="846" type="method" name="isTty" crap="2" count="0"/>
        <line num="848" type="stmt" count="0"/>
        <line num="856" type="method" name="getWorkingDirectory" crap="12" count="0"/>
        <line num="858" type="stmt" count="0"/>
        <line num="861" type="stmt" count="0"/>
        <line num="864" type="stmt" count="0"/>
        <line num="874" type="method" name="setWorkingDirectory" crap="2" count="0"/>
        <line num="876" type="stmt" count="0"/>
        <line num="878" type="stmt" count="0"/>
        <line num="886" type="method" name="getEnv" crap="2" count="0"/>
        <line num="888" type="stmt" count="0"/>
        <line num="904" type="method" name="setEnv" crap="6" count="0"/>
        <line num="907" type="stmt" count="0"/>
        <line num="908" type="stmt" count="0"/>
        <line num="909" type="stmt" count="0"/>
        <line num="911" type="stmt" count="0"/>
        <line num="912" type="stmt" count="0"/>
        <line num="913" type="stmt" count="0"/>
        <line num="914" type="stmt" count="0"/>
        <line num="916" type="stmt" count="0"/>
        <line num="924" type="method" name="getStdin" crap="2" count="0"/>
        <line num="926" type="stmt" count="0"/>
        <line num="938" type="method" name="setStdin" crap="6" count="0"/>
        <line num="940" type="stmt" count="0"/>
        <line num="941" type="stmt" count="0"/>
        <line num="944" type="stmt" count="0"/>
        <line num="946" type="stmt" count="0"/>
        <line num="954" type="method" name="getOptions" crap="2" count="0"/>
        <line num="956" type="stmt" count="0"/>
        <line num="966" type="method" name="setOptions" crap="2" count="0"/>
        <line num="968" type="stmt" count="0"/>
        <line num="970" type="stmt" count="0"/>
        <line num="980" type="method" name="getEnhanceWindowsCompatibility" crap="2" count="0"/>
        <line num="982" type="stmt" count="0"/>
        <line num="992" type="method" name="setEnhanceWindowsCompatibility" crap="2" count="0"/>
        <line num="994" type="stmt" count="0"/>
        <line num="996" type="stmt" count="0"/>
        <line num="1004" type="method" name="getEnhanceSigchildCompatibility" crap="2" count="0"/>
        <line num="1006" type="stmt" count="0"/>
        <line num="1020" type="method" name="setEnhanceSigchildCompatibility" crap="2" count="0"/>
        <line num="1022" type="stmt" count="0"/>
        <line num="1024" type="stmt" count="0"/>
        <line num="1035" type="method" name="checkTimeout" crap="42" count="0"/>
        <line num="1037" type="stmt" count="0"/>
        <line num="1038" type="stmt" count="0"/>
        <line num="1041" type="stmt" count="0"/>
        <line num="1042" type="stmt" count="0"/>
        <line num="1044" type="stmt" count="0"/>
        <line num="1047" type="stmt" count="0"/>
        <line num="1048" type="stmt" count="0"/>
        <line num="1050" type="stmt" count="0"/>
        <line num="1052" type="stmt" count="0"/>
        <line num="1059" type="method" name="getDescriptors" crap="20" count="0"/>
        <line num="1061" type="stmt" count="0"/>
        <line num="1062" type="stmt" count="0"/>
        <line num="1064" type="stmt" count="0"/>
        <line num="1066" type="stmt" count="0"/>
        <line num="1068" type="stmt" count="0"/>
        <line num="1069" type="stmt" count="0"/>
        <line num="1071" type="stmt" count="0"/>
        <line num="1084" type="method" name="buildCallback" crap="12" count="0"/>
        <line num="1086" type="stmt" count="0"/>
        <line num="1087" type="stmt" count="0"/>
        <line num="1088" type="stmt" count="0"/>
        <line num="1090" type="stmt" count="0"/>
        <line num="1091" type="stmt" count="0"/>
        <line num="1092" type="stmt" count="0"/>
        <line num="1093" type="stmt" count="0"/>
        <line num="1096" type="stmt" count="0"/>
        <line num="1097" type="stmt" count="0"/>
        <line num="1098" type="stmt" count="0"/>
        <line num="1099" type="stmt" count="0"/>
        <line num="1101" type="stmt" count="0"/>
        <line num="1109" type="method" name="updateStatus" crap="11.53" count="3"/>
        <line num="1111" type="stmt" count="3"/>
        <line num="1112" type="stmt" count="3"/>
        <line num="1115" type="stmt" count="0"/>
        <line num="1116" type="stmt" count="0"/>
        <line num="1118" type="stmt" count="0"/>
        <line num="1120" type="stmt" count="0"/>
        <line num="1121" type="stmt" count="0"/>
        <line num="1122" type="stmt" count="0"/>
        <line num="1123" type="stmt" count="0"/>
        <line num="1130" type="method" name="isSigchildEnabled" crap="3.03" count="3"/>
        <line num="1132" type="stmt" count="3"/>
        <line num="1133" type="stmt" count="2"/>
        <line num="1136" type="stmt" count="1"/>
        <line num="1137" type="stmt" count="0"/>
        <line num="1140" type="stmt" count="1"/>
        <line num="1141" type="stmt" count="1"/>
        <line num="1143" type="stmt" count="1"/>
        <line num="1153" type="method" name="validateTimeout" crap="3.33" count="3"/>
        <line num="1155" type="stmt" count="3"/>
        <line num="1157" type="stmt" count="3"/>
        <line num="1158" type="stmt" count="0"/>
        <line num="1159" type="stmt" count="3"/>
        <line num="1160" type="stmt" count="0"/>
        <line num="1163" type="stmt" count="3"/>
        <line num="1172" type="method" name="readPipes" crap="30" count="0"/>
        <line num="1174" type="stmt" count="0"/>
        <line num="1175" type="stmt" count="0"/>
        <line num="1176" type="stmt" count="0"/>
        <line num="1177" type="stmt" count="0"/>
        <line num="1180" type="stmt" count="0"/>
        <line num="1181" type="stmt" count="0"/>
        <line num="1182" type="stmt" count="0"/>
        <line num="1183" type="stmt" count="0"/>
        <line num="1184" type="stmt" count="0"/>
        <line num="1186" type="stmt" count="0"/>
        <line num="1187" type="stmt" count="0"/>
        <line num="1192" type="method" name="captureExitCode" crap="12" count="0"/>
        <line num="1194" type="stmt" count="0"/>
        <line num="1195" type="stmt" count="0"/>
        <line num="1196" type="stmt" count="0"/>
        <line num="1197" type="stmt" count="0"/>
        <line num="1204" type="method" name="close" crap="90" count="0"/>
        <line num="1206" type="stmt" count="0"/>
        <line num="1207" type="stmt" count="0"/>
        <line num="1208" type="stmt" count="0"/>
        <line num="1209" type="stmt" count="0"/>
        <line num="1210" type="stmt" count="0"/>
        <line num="1213" type="stmt" count="0"/>
        <line num="1214" type="stmt" count="0"/>
        <line num="1216" type="stmt" count="0"/>
        <line num="1217" type="stmt" count="0"/>
        <line num="1218" type="stmt" count="0"/>
        <line num="1220" type="stmt" count="0"/>
        <line num="1221" type="stmt" count="0"/>
        <line num="1223" type="stmt" count="0"/>
        <line num="1229" type="method" name="resetProcessData" crap="2" count="0"/>
        <line num="1231" type="stmt" count="0"/>
        <line num="1232" type="stmt" count="0"/>
        <line num="1233" type="stmt" count="0"/>
        <line num="1234" type="stmt" count="0"/>
        <line num="1235" type="stmt" count="0"/>
        <line num="1236" type="stmt" count="0"/>
        <line num="1237" type="stmt" count="0"/>
        <line num="1238" type="stmt" count="0"/>
        <line num="1239" type="stmt" count="0"/>
        <line num="1240" type="stmt" count="0"/>
        <line num="1241" type="stmt" count="0"/>
        <line num="1242" type="stmt" count="0"/>
        <line num="1256" type="method" name="doSignal" crap="56" count="0"/>
        <line num="1258" type="stmt" count="0"/>
        <line num="1259" type="stmt" count="0"/>
        <line num="1260" type="stmt" count="0"/>
        <line num="1263" type="stmt" count="0"/>
        <line num="1266" type="stmt" count="0"/>
        <line num="1267" type="stmt" count="0"/>
        <line num="1268" type="stmt" count="0"/>
        <line num="1271" type="stmt" count="0"/>
        <line num="1274" type="stmt" count="0"/>
        <line num="1275" type="stmt" count="0"/>
        <line num="1276" type="stmt" count="0"/>
        <line num="1279" type="stmt" count="0"/>
        <line num="1282" type="stmt" count="0"/>
        <line num="1292" type="method" name="requireProcessIsStarted" crap="6" count="0"/>
        <line num="1294" type="stmt" count="0"/>
        <line num="1295" type="stmt" count="0"/>
        <line num="1297" type="stmt" count="0"/>
        <line num="1306" type="method" name="requireProcessIsTerminated" crap="6" count="0"/>
        <line num="1308" type="stmt" count="0"/>
        <line num="1309" type="stmt" count="0"/>
        <line num="1311" type="stmt" count="0"/>
        <line num="1313" type="stmt" count="1"/>
        <metrics loc="1312" ncloc="752" classes="1" methods="63" coveredmethods="3" conditionals="0" coveredconditionals="0" statements="310" coveredstatements="37" elements="373" coveredelements="40"/>
      </file>
    </package>
    <file name="/Users/rainramm/Arendus/bitweb-zf2-cron-module/vendor/zendframework/zend-servicemanager/Zend/ServiceManager/FactoryInterface.php">
      <line num="22" type="stmt" count="1"/>
      <metrics loc="21" ncloc="8" classes="0" methods="0" coveredmethods="0" conditionals="0" coveredconditionals="0" statements="0" coveredstatements="0" elements="0" coveredelements="0"/>
    </file>
    <file name="/Users/rainramm/Arendus/bitweb-zf2-cron-module/vendor/zendframework/zend-servicemanager/Zend/ServiceManager/ServiceLocatorInterface.php">
      <line num="34" type="stmt" count="1"/>
      <metrics loc="33" ncloc="10" classes="0" methods="0" coveredmethods="0" conditionals="0" coveredconditionals="0" statements="0" coveredstatements="0" elements="0" coveredelements="0"/>
    </file>
    <metrics files="30" loc="3173" ncloc="2011" classes="21" methods="163" coveredmethods="53" conditionals="0" coveredconditionals="0" statements="784" coveredstatements="263" elements="947" coveredelements="316"/>
  </project>
</coverage>
